# JRE version: OpenJDK Runtime Environment (8.0_252-b09) (build 1.8.0_252-8u252-b09-1ubuntu1-b09)
# Java VM: OpenJDK 64-Bit Server VM (25.252-b09 mixed mode linux-amd64 compressed oops)
Heap:
 PSYoungGen      total 303616K, used 302917K [0x0000000780000000, 0x0000000798780000, 0x00000007c0000000)
  eden space 287744K, 99% used [0x0000000780000000,0x0000000791857dd0,0x0000000791900000)
  from space 15872K, 99% used [0x0000000791900000,0x00000007928799d0,0x0000000792880000)
  to   space 18432K, 64% used [0x0000000797580000,0x00000007981165f0,0x0000000798780000)
 ParOldGen       total 94208K, used 20268K [0x0000000700000000, 0x0000000705c00000, 0x0000000780000000)
  object space 94208K, 21% used [0x0000000700000000,0x00000007013cb1c0,0x0000000705c00000)
 Metaspace       used 51215K, capacity 52460K, committed 52696K, reserved 1095680K
  class space    used 6736K, capacity 7084K, committed 7128K, reserved 1048576K
GC Heap History (10 events):
Event: 8.075 GC heap after
Heap after GC invocations=7 (full 1):
 PSYoungGen      total 203264K, used 5568K [0x0000000780000000, 0x000000078da80000, 0x00000007c0000000)
  eden space 194048K, 0% used [0x0000000780000000,0x0000000780000000,0x000000078bd80000)
  from space 9216K, 60% used [0x000000078d180000,0x000000078d6f0040,0x000000078da80000)
  to   space 14848K, 0% used [0x000000078bd80000,0x000000078bd80000,0x000000078cc00000)
 ParOldGen       total 62464K, used 17233K [0x0000000700000000, 0x0000000703d00000, 0x0000000780000000)
  object space 62464K, 27% used [0x0000000700000000,0x00000007010d4550,0x0000000703d00000)
 Metaspace       used 29042K, capacity 29558K, committed 29824K, reserved 1075200K
  class space    used 3989K, capacity 4144K, committed 4224K, reserved 1048576K
}
Event: 9.738 GC heap before
{Heap before GC invocations=8 (full 1):
 PSYoungGen      total 203264K, used 199616K [0x0000000780000000, 0x000000078da80000, 0x00000007c0000000)
  eden space 194048K, 100% used [0x0000000780000000,0x000000078bd80000,0x000000078bd80000)
  from space 9216K, 60% used [0x000000078d180000,0x000000078d6f0040,0x000000078da80000)
  to   space 14848K, 0% used [0x000000078bd80000,0x000000078bd80000,0x000000078cc00000)
 ParOldGen       total 62464K, used 17233K [0x0000000700000000, 0x0000000703d00000, 0x0000000780000000)
  object space 62464K, 27% used [0x0000000700000000,0x00000007010d4550,0x0000000703d00000)
 Metaspace       used 29949K, capacity 30624K, committed 30976K, reserved 1075200K
  class space    used 4082K, capacity 4262K, committed 4352K, reserved 1048576K
Event: 9.752 GC heap after
Heap after GC invocations=8 (full 1):
 PSYoungGen      total 208896K, used 7542K [0x0000000780000000, 0x0000000793600000, 0x00000007c0000000)
  eden space 194048K, 0% used [0x0000000780000000,0x0000000780000000,0x000000078bd80000)
  from space 14848K, 50% used [0x000000078bd80000,0x000000078c4dd850,0x000000078cc00000)
  to   space 13824K, 0% used [0x0000000792880000,0x0000000792880000,0x0000000793600000)
 ParOldGen       total 62464K, used 17241K [0x0000000700000000, 0x0000000703d00000, 0x0000000780000000)
  object space 62464K, 27% used [0x0000000700000000,0x00000007010d6550,0x0000000703d00000)
 Metaspace       used 29949K, capacity 30624K, committed 30976K, reserved 1075200K
  class space    used 4082K, capacity 4262K, committed 4352K, reserved 1048576K
}
Event: 10.585 GC heap before
{Heap before GC invocations=9 (full 1):
 PSYoungGen      total 208896K, used 90986K [0x0000000780000000, 0x0000000793600000, 0x00000007c0000000)
  eden space 194048K, 43% used [0x0000000780000000,0x000000078517d320,0x000000078bd80000)
  from space 14848K, 50% used [0x000000078bd80000,0x000000078c4dd850,0x000000078cc00000)
  to   space 13824K, 0% used [0x0000000792880000,0x0000000792880000,0x0000000793600000)
 ParOldGen       total 62464K, used 17241K [0x0000000700000000, 0x0000000703d00000, 0x0000000780000000)
  object space 62464K, 27% used [0x0000000700000000,0x00000007010d6550,0x0000000703d00000)
 Metaspace       used 34633K, capacity 35296K, committed 35416K, reserved 1079296K
  class space    used 4695K, capacity 4881K, committed 4952K, reserved 1048576K
Event: 10.600 GC heap after
Heap after GC invocations=9 (full 1):
 PSYoungGen      total 301568K, used 13812K [0x0000000780000000, 0x0000000793d80000, 0x00000007c0000000)
  eden space 287744K, 0% used [0x0000000780000000,0x0000000780000000,0x0000000791900000)
  from space 13824K, 99% used [0x0000000792880000,0x00000007935fd070,0x0000000793600000)
  to   space 15872K, 0% used [0x0000000791900000,0x0000000791900000,0x0000000792880000)
 ParOldGen       total 62464K, used 17653K [0x0000000700000000, 0x0000000703d00000, 0x0000000780000000)
  object space 62464K, 28% used [0x0000000700000000,0x000000070113d5e0,0x0000000703d00000)
 Metaspace       used 34633K, capacity 35296K, committed 35416K, reserved 1079296K
  class space    used 4695K, capacity 4881K, committed 4952K, reserved 1048576K
}
Event: 10.600 GC heap before
{Heap before GC invocations=10 (full 2):
 PSYoungGen      total 301568K, used 13812K [0x0000000780000000, 0x0000000793d80000, 0x00000007c0000000)
  eden space 287744K, 0% used [0x0000000780000000,0x0000000780000000,0x0000000791900000)
  from space 13824K, 99% used [0x0000000792880000,0x00000007935fd070,0x0000000793600000)
  to   space 15872K, 0% used [0x0000000791900000,0x0000000791900000,0x0000000792880000)
 ParOldGen       total 62464K, used 17653K [0x0000000700000000, 0x0000000703d00000, 0x0000000780000000)
  object space 62464K, 28% used [0x0000000700000000,0x000000070113d5e0,0x0000000703d00000)
 Metaspace       used 34633K, capacity 35296K, committed 35416K, reserved 1079296K
  class space    used 4695K, capacity 4881K, committed 4952K, reserved 1048576K
Event: 10.688 GC heap after
Heap after GC invocations=10 (full 2):
 PSYoungGen      total 301568K, used 0K [0x0000000780000000, 0x0000000793d80000, 0x00000007c0000000)
  eden space 287744K, 0% used [0x0000000780000000,0x0000000780000000,0x0000000791900000)
  from space 13824K, 0% used [0x0000000792880000,0x0000000792880000,0x0000000793600000)
  to   space 15872K, 0% used [0x0000000791900000,0x0000000791900000,0x0000000792880000)
 ParOldGen       total 94208K, used 19975K [0x0000000700000000, 0x0000000705c00000, 0x0000000780000000)
  object space 94208K, 21% used [0x0000000700000000,0x0000000701381e68,0x0000000705c00000)
 Metaspace       used 34569K, capacity 35174K, committed 35416K, reserved 1079296K
  class space    used 4678K, capacity 4863K, committed 4952K, reserved 1048576K
}
Event: 125.479 GC heap before
{Heap before GC invocations=11 (full 2):
 PSYoungGen      total 301568K, used 287744K [0x0000000780000000, 0x0000000793d80000, 0x00000007c0000000)
  eden space 287744K, 100% used [0x0000000780000000,0x0000000791900000,0x0000000791900000)
  from space 13824K, 0% used [0x0000000792880000,0x0000000792880000,0x0000000793600000)
  to   space 15872K, 0% used [0x0000000791900000,0x0000000791900000,0x0000000792880000)
 ParOldGen       total 94208K, used 19975K [0x0000000700000000, 0x0000000705c00000, 0x0000000780000000)
  object space 94208K, 21% used [0x0000000700000000,0x0000000701381e68,0x0000000705c00000)
 Metaspace       used 47605K, capacity 48576K, committed 48856K, reserved 1091584K
  class space    used 6303K, capacity 6573K, committed 6616K, reserved 1048576K
Event: 125.512 GC heap after
Heap after GC invocations=11 (full 2):
 PSYoungGen      total 303616K, used 15846K [0x0000000780000000, 0x0000000798780000, 0x00000007c0000000)
  eden space 287744K, 0% used [0x0000000780000000,0x0000000780000000,0x0000000791900000)
  from space 15872K, 99% used [0x0000000791900000,0x00000007928799d0,0x0000000792880000)
  to   space 18432K, 0% used [0x0000000797580000,0x0000000797580000,0x0000000798780000)
 ParOldGen       total 94208K, used 20268K [0x0000000700000000, 0x0000000705c00000, 0x0000000780000000)
  object space 94208K, 21% used [0x0000000700000000,0x00000007013cb1c0,0x0000000705c00000)
 Metaspace       used 47605K, capacity 48576K, committed 48856K, reserved 1091584K
  class space    used 6303K, capacity 6573K, committed 6616K, reserved 1048576K
}
Event: 697.533 GC heap before
{Heap before GC invocations=12 (full 2):
 PSYoungGen      total 303616K, used 302917K [0x0000000780000000, 0x0000000798780000, 0x00000007c0000000)
  eden space 287744K, 99% used [0x0000000780000000,0x0000000791857dd0,0x0000000791900000)
  from space 15872K, 99% used [0x0000000791900000,0x00000007928799d0,0x0000000792880000)
  to   space 18432K, 0% used [0x0000000797580000,0x0000000797580000,0x0000000798780000)
 ParOldGen       total 94208K, used 20268K [0x0000000700000000, 0x0000000705c00000, 0x0000000780000000)
  object space 94208K, 21% used [0x0000000700000000,0x00000007013cb1c0,0x0000000705c00000)
 Metaspace       used 51215K, capacity 52460K, committed 52696K, reserved 1095680K
  class space    used 6736K, capacity 7084K, committed 7128K, reserved 1048576K

