# JRE version: OpenJDK Runtime Environment (8.0_252-b09) (build 1.8.0_252-8u252-b09-1ubuntu1-b09)
# Java VM: OpenJDK 64-Bit Server VM (25.252-b09 mixed mode linux-amd64 compressed oops)
Heap:
 PSYoungGen      total 104448K, used 102782K [0x0000000780000000, 0x0000000788f00000, 0x00000007c0000000)
  eden space 96768K, 98% used [0x0000000780000000,0x0000000785d12490,0x0000000785e80000)
  from space 7680K, 97% used [0x0000000788780000,0x0000000788ecd390,0x0000000788f00000)
  to   space 11264K, 0% used [0x0000000787900000,0x0000000787900000,0x0000000788400000)
 ParOldGen       total 62976K, used 10678K [0x0000000700000000, 0x0000000703d80000, 0x0000000780000000)
  object space 62976K, 16% used [0x0000000700000000,0x0000000700a6da48,0x0000000703d80000)
 Metaspace       used 33443K, capacity 34120K, committed 34304K, reserved 1079296K
  class space    used 4517K, capacity 4746K, committed 4864K, reserved 1048576K
GC Heap History (10 events):
Event: 2.881 GC heap before
{Heap before GC invocations=3 (full 0):
 PSYoungGen      total 36864K, used 36045K [0x0000000780000000, 0x0000000782900000, 0x00000007c0000000)
  eden space 31744K, 100% used [0x0000000780000000,0x0000000781f00000,0x0000000781f00000)
  from space 5120K, 84% used [0x0000000782400000,0x0000000782833408,0x0000000782900000)
  to   space 5120K, 0% used [0x0000000781f00000,0x0000000781f00000,0x0000000782400000)
 ParOldGen       total 84992K, used 16K [0x0000000700000000, 0x0000000705300000, 0x0000000780000000)
  object space 84992K, 0% used [0x0000000700000000,0x0000000700004000,0x0000000705300000)
 Metaspace       used 12803K, capacity 13164K, committed 13440K, reserved 1060864K
  class space    used 1779K, capacity 1900K, committed 1920K, reserved 1048576K
Event: 2.901 GC heap after
Heap after GC invocations=3 (full 0):
 PSYoungGen      total 36864K, used 5107K [0x0000000780000000, 0x0000000784800000, 0x00000007c0000000)
  eden space 31744K, 0% used [0x0000000780000000,0x0000000780000000,0x0000000781f00000)
  from space 5120K, 99% used [0x0000000781f00000,0x00000007823fcf80,0x0000000782400000)
  to   space 5120K, 0% used [0x0000000784300000,0x0000000784300000,0x0000000784800000)
 ParOldGen       total 84992K, used 1508K [0x0000000700000000, 0x0000000705300000, 0x0000000780000000)
  object space 84992K, 1% used [0x0000000700000000,0x0000000700179190,0x0000000705300000)
 Metaspace       used 12803K, capacity 13164K, committed 13440K, reserved 1060864K
  class space    used 1779K, capacity 1900K, committed 1920K, reserved 1048576K
}
Event: 3.712 GC heap before
{Heap before GC invocations=4 (full 0):
 PSYoungGen      total 36864K, used 36851K [0x0000000780000000, 0x0000000784800000, 0x00000007c0000000)
  eden space 31744K, 100% used [0x0000000780000000,0x0000000781f00000,0x0000000781f00000)
  from space 5120K, 99% used [0x0000000781f00000,0x00000007823fcf80,0x0000000782400000)
  to   space 5120K, 0% used [0x0000000784300000,0x0000000784300000,0x0000000784800000)
 ParOldGen       total 84992K, used 1508K [0x0000000700000000, 0x0000000705300000, 0x0000000780000000)
  object space 84992K, 1% used [0x0000000700000000,0x0000000700179190,0x0000000705300000)
 Metaspace       used 15257K, capacity 15644K, committed 16000K, reserved 1062912K
  class space    used 2177K, capacity 2326K, committed 2432K, reserved 1048576K
Event: 3.731 GC heap after
Heap after GC invocations=4 (full 0):
 PSYoungGen      total 68608K, used 5104K [0x0000000780000000, 0x0000000784800000, 0x00000007c0000000)
  eden space 63488K, 0% used [0x0000000780000000,0x0000000780000000,0x0000000783e00000)
  from space 5120K, 99% used [0x0000000784300000,0x00000007847fc020,0x0000000784800000)
  to   space 5120K, 0% used [0x0000000783e00000,0x0000000783e00000,0x0000000784300000)
 ParOldGen       total 84992K, used 3959K [0x0000000700000000, 0x0000000705300000, 0x0000000780000000)
  object space 84992K, 4% used [0x0000000700000000,0x00000007003ddf98,0x0000000705300000)
 Metaspace       used 15257K, capacity 15644K, committed 16000K, reserved 1062912K
  class space    used 2177K, capacity 2326K, committed 2432K, reserved 1048576K
}
Event: 5.501 GC heap before
{Heap before GC invocations=5 (full 0):
 PSYoungGen      total 68608K, used 59991K [0x0000000780000000, 0x0000000784800000, 0x00000007c0000000)
  eden space 63488K, 86% used [0x0000000780000000,0x0000000783599e70,0x0000000783e00000)
  from space 5120K, 99% used [0x0000000784300000,0x00000007847fc020,0x0000000784800000)
  to   space 5120K, 0% used [0x0000000783e00000,0x0000000783e00000,0x0000000784300000)
 ParOldGen       total 84992K, used 3959K [0x0000000700000000, 0x0000000705300000, 0x0000000780000000)
  object space 84992K, 4% used [0x0000000700000000,0x00000007003ddf98,0x0000000705300000)
 Metaspace       used 20708K, capacity 21114K, committed 21296K, reserved 1067008K
  class space    used 2934K, capacity 3087K, committed 3200K, reserved 1048576K
Event: 5.518 GC heap after
Heap after GC invocations=5 (full 0):
 PSYoungGen      total 68608K, used 5108K [0x0000000780000000, 0x0000000789300000, 0x00000007c0000000)
  eden space 63488K, 0% used [0x0000000780000000,0x0000000780000000,0x0000000783e00000)
  from space 5120K, 99% used [0x0000000783e00000,0x00000007842fd0f0,0x0000000784300000)
  to   space 11776K, 0% used [0x0000000788780000,0x0000000788780000,0x0000000789300000)
 ParOldGen       total 84992K, used 9818K [0x0000000700000000, 0x0000000705300000, 0x0000000780000000)
  object space 84992K, 11% used [0x0000000700000000,0x0000000700996a38,0x0000000705300000)
 Metaspace       used 20708K, capacity 21114K, committed 21296K, reserved 1067008K
  class space    used 2934K, capacity 3087K, committed 3200K, reserved 1048576K
}
Event: 5.518 GC heap before
{Heap before GC invocations=6 (full 1):
 PSYoungGen      total 68608K, used 5108K [0x0000000780000000, 0x0000000789300000, 0x00000007c0000000)
  eden space 63488K, 0% used [0x0000000780000000,0x0000000780000000,0x0000000783e00000)
  from space 5120K, 99% used [0x0000000783e00000,0x00000007842fd0f0,0x0000000784300000)
  to   space 11776K, 0% used [0x0000000788780000,0x0000000788780000,0x0000000789300000)
 ParOldGen       total 84992K, used 9818K [0x0000000700000000, 0x0000000705300000, 0x0000000780000000)
  object space 84992K, 11% used [0x0000000700000000,0x0000000700996a38,0x0000000705300000)
 Metaspace       used 20708K, capacity 21114K, committed 21296K, reserved 1067008K
  class space    used 2934K, capacity 3087K, committed 3200K, reserved 1048576K
Event: 5.580 GC heap after
Heap after GC invocations=6 (full 1):
 PSYoungGen      total 68608K, used 0K [0x0000000780000000, 0x0000000789300000, 0x00000007c0000000)
  eden space 63488K, 0% used [0x0000000780000000,0x0000000780000000,0x0000000783e00000)
  from space 5120K, 0% used [0x0000000783e00000,0x0000000783e00000,0x0000000784300000)
  to   space 11776K, 0% used [0x0000000788780000,0x0000000788780000,0x0000000789300000)
 ParOldGen       total 62976K, used 10670K [0x0000000700000000, 0x0000000703d80000, 0x0000000780000000)
  object space 62976K, 16% used [0x0000000700000000,0x0000000700a6ba48,0x0000000703d80000)
 Metaspace       used 20708K, capacity 21114K, committed 21296K, reserved 1067008K
  class space    used 2934K, capacity 3087K, committed 3200K, reserved 1048576K
}
Event: 7.567 GC heap before
{Heap before GC invocations=7 (full 1):
 PSYoungGen      total 68608K, used 63488K [0x0000000780000000, 0x0000000789300000, 0x00000007c0000000)
  eden space 63488K, 100% used [0x0000000780000000,0x0000000783e00000,0x0000000783e00000)
  from space 5120K, 0% used [0x0000000783e00000,0x0000000783e00000,0x0000000784300000)
  to   space 11776K, 0% used [0x0000000788780000,0x0000000788780000,0x0000000789300000)
 ParOldGen       total 62976K, used 10670K [0x0000000700000000, 0x0000000703d80000, 0x0000000780000000)
  object space 62976K, 16% used [0x0000000700000000,0x0000000700a6ba48,0x0000000703d80000)
 Metaspace       used 27744K, capacity 28276K, committed 28544K, reserved 1073152K
  class space    used 3757K, capacity 3935K, committed 3968K, reserved 1048576K
Event: 7.578 GC heap after
Heap after GC invocations=7 (full 1):
 PSYoungGen      total 104448K, used 7476K [0x0000000780000000, 0x0000000788f00000, 0x00000007c0000000)
  eden space 96768K, 0% used [0x0000000780000000,0x0000000780000000,0x0000000785e80000)
  from space 7680K, 97% used [0x0000000788780000,0x0000000788ecd390,0x0000000788f00000)
  to   space 11264K, 0% used [0x0000000787900000,0x0000000787900000,0x0000000788400000)
 ParOldGen       total 62976K, used 10678K [0x0000000700000000, 0x0000000703d80000, 0x0000000780000000)
  object space 62976K, 16% used [0x0000000700000000,0x0000000700a6da48,0x0000000703d80000)
 Metaspace       used 27744K, capacity 28276K, committed 28544K, reserved 1073152K
  class space    used 3757K, capacity 3935K, committed 3968K, reserved 1048576K
}

